2022-09-01 15:23:28.529  INFO [Service Name: LogbackService] 1168774 --- [main] c.l.l.LogbackPocApplication : Starting LogbackPocApplication using Java 11.0.16.1 on mr with PID 1168774 (/home/mr/IdeaProjects/logback_poc/logback_poc/target/classes started by mr in /home/mr/IdeaProjects/logback_poc/logback_poc)
2022-09-01 15:23:28.532 DEBUG [Service Name: LogbackService] 1168774 --- [main] c.l.l.LogbackPocApplication : Running with Spring Boot v2.7.3, Spring v5.3.22
2022-09-01 15:23:28.533  INFO [Service Name: LogbackService] 1168774 --- [main] c.l.l.LogbackPocApplication : No active profile set, falling back to 1 default profile: "default"
2022-09-01 15:23:29.460  INFO [Service Name: LogbackService] 1168774 --- [main] c.l.l.LogbackPocApplication : Started LogbackPocApplication in 1.261 seconds (JVM running for 2.031)
2022-09-01 15:23:36.593  INFO [Service Name: LogbackService] 1168774 --- [http-nio-8080-exec-1] c.l.l.HelloController : Hello from info log!
2022-09-01 15:23:36.594 ERROR [Service Name: LogbackService] 1168774 --- [http-nio-8080-exec-1] c.l.l.HelloController : Hello from error log!
2022-09-01 15:23:37.271  INFO [Service Name: LogbackService] 1168774 --- [http-nio-8080-exec-2] c.l.l.HelloController : Hello from info log!
2022-09-01 15:23:37.271 ERROR [Service Name: LogbackService] 1168774 --- [http-nio-8080-exec-2] c.l.l.HelloController : Hello from error log!
2022-09-01 15:23:37.877  INFO [Service Name: LogbackService] 1168774 --- [http-nio-8080-exec-3] c.l.l.HelloController : Hello from info log!
2022-09-01 15:23:37.877 ERROR [Service Name: LogbackService] 1168774 --- [http-nio-8080-exec-3] c.l.l.HelloController : Hello from error log!
2022-09-01 15:23:38.382  INFO [Service Name: LogbackService] 1168774 --- [http-nio-8080-exec-4] c.l.l.HelloController : Hello from info log!
2022-09-01 15:23:38.382 ERROR [Service Name: LogbackService] 1168774 --- [http-nio-8080-exec-4] c.l.l.HelloController : Hello from error log!
2022-09-01 15:23:38.853  INFO [Service Name: LogbackService] 1168774 --- [http-nio-8080-exec-5] c.l.l.HelloController : Hello from info log!
2022-09-01 15:23:38.854 ERROR [Service Name: LogbackService] 1168774 --- [http-nio-8080-exec-5] c.l.l.HelloController : Hello from error log!
2022-09-01 15:23:39.404  INFO [Service Name: LogbackService] 1168774 --- [http-nio-8080-exec-6] c.l.l.HelloController : Hello from info log!
2022-09-01 15:23:39.405 ERROR [Service Name: LogbackService] 1168774 --- [http-nio-8080-exec-6] c.l.l.HelloController : Hello from error log!
2022-09-01 15:23:39.728  INFO [Service Name: LogbackService] 1168774 --- [http-nio-8080-exec-7] c.l.l.HelloController : Hello from info log!
2022-09-01 15:23:39.729 ERROR [Service Name: LogbackService] 1168774 --- [http-nio-8080-exec-7] c.l.l.HelloController : Hello from error log!
2022-09-01 15:26:11.262  INFO [Service Name: LogbackService] 1168774 --- [http-nio-8080-exec-9] c.l.l.HelloController : Hello from info log!
2022-09-01 15:26:11.263 ERROR [Service Name: LogbackService] 1168774 --- [http-nio-8080-exec-9] c.l.l.HelloController : Hello from error log!
2022-09-01 15:26:11.912  INFO [Service Name: LogbackService] 1168774 --- [http-nio-8080-exec-10] c.l.l.HelloController : Hello from info log!
2022-09-01 15:26:11.912 ERROR [Service Name: LogbackService] 1168774 --- [http-nio-8080-exec-10] c.l.l.HelloController : Hello from error log!
2022-09-01 15:26:12.199  INFO [Service Name: LogbackService] 1168774 --- [http-nio-8080-exec-1] c.l.l.HelloController : Hello from info log!
2022-09-01 15:26:12.199 ERROR [Service Name: LogbackService] 1168774 --- [http-nio-8080-exec-1] c.l.l.HelloController : Hello from error log!
2022-09-01 15:26:12.434  INFO [Service Name: LogbackService] 1168774 --- [http-nio-8080-exec-2] c.l.l.HelloController : Hello from info log!
2022-09-01 15:26:12.434 ERROR [Service Name: LogbackService] 1168774 --- [http-nio-8080-exec-2] c.l.l.HelloController : Hello from error log!
2022-09-01 15:26:12.668  INFO [Service Name: LogbackService] 1168774 --- [http-nio-8080-exec-3] c.l.l.HelloController : Hello from info log!
2022-09-01 15:26:12.668 ERROR [Service Name: LogbackService] 1168774 --- [http-nio-8080-exec-3] c.l.l.HelloController : Hello from error log!
2022-09-01 15:26:12.899  INFO [Service Name: LogbackService] 1168774 --- [http-nio-8080-exec-4] c.l.l.HelloController : Hello from info log!
2022-09-01 15:26:12.899 ERROR [Service Name: LogbackService] 1168774 --- [http-nio-8080-exec-4] c.l.l.HelloController : Hello from error log!
2022-09-01 15:26:13.124  INFO [Service Name: LogbackService] 1168774 --- [http-nio-8080-exec-5] c.l.l.HelloController : Hello from info log!
2022-09-01 15:26:13.124 ERROR [Service Name: LogbackService] 1168774 --- [http-nio-8080-exec-5] c.l.l.HelloController : Hello from error log!
2022-09-01 15:26:13.354  INFO [Service Name: LogbackService] 1168774 --- [http-nio-8080-exec-6] c.l.l.HelloController : Hello from info log!
2022-09-01 15:26:13.355 ERROR [Service Name: LogbackService] 1168774 --- [http-nio-8080-exec-6] c.l.l.HelloController : Hello from error log!
2022-09-01 15:26:13.617  INFO [Service Name: LogbackService] 1168774 --- [http-nio-8080-exec-7] c.l.l.HelloController : Hello from info log!
2022-09-01 15:26:13.618 ERROR [Service Name: LogbackService] 1168774 --- [http-nio-8080-exec-7] c.l.l.HelloController : Hello from error log!
2022-09-01 15:26:14.055  INFO [Service Name: LogbackService] 1168774 --- [http-nio-8080-exec-8] c.l.l.HelloController : Hello from info log!
2022-09-01 15:26:14.056 ERROR [Service Name: LogbackService] 1168774 --- [http-nio-8080-exec-8] c.l.l.HelloController : Hello from error log!
2022-09-01 15:26:14.409  INFO [Service Name: LogbackService] 1168774 --- [http-nio-8080-exec-9] c.l.l.HelloController : Hello from info log!
2022-09-01 15:26:14.410 ERROR [Service Name: LogbackService] 1168774 --- [http-nio-8080-exec-9] c.l.l.HelloController : Hello from error log!
2022-09-01 15:26:14.761  INFO [Service Name: LogbackService] 1168774 --- [http-nio-8080-exec-10] c.l.l.HelloController : Hello from info log!
2022-09-01 15:26:14.761 ERROR [Service Name: LogbackService] 1168774 --- [http-nio-8080-exec-10] c.l.l.HelloController : Hello from error log!
2022-09-01 15:26:15.250  INFO [Service Name: LogbackService] 1168774 --- [http-nio-8080-exec-1] c.l.l.HelloController : Hello from info log!
2022-09-01 15:26:15.250 ERROR [Service Name: LogbackService] 1168774 --- [http-nio-8080-exec-1] c.l.l.HelloController : Hello from error log!
2022-09-01 15:26:15.642  INFO [Service Name: LogbackService] 1168774 --- [http-nio-8080-exec-2] c.l.l.HelloController : Hello from info log!
2022-09-01 15:26:15.643 ERROR [Service Name: LogbackService] 1168774 --- [http-nio-8080-exec-2] c.l.l.HelloController : Hello from error log!
2022-09-01 15:26:15.999  INFO [Service Name: LogbackService] 1168774 --- [http-nio-8080-exec-3] c.l.l.HelloController : Hello from info log!
2022-09-01 15:26:15.999 ERROR [Service Name: LogbackService] 1168774 --- [http-nio-8080-exec-3] c.l.l.HelloController : Hello from error log!
2022-09-01 15:26:20.497  INFO [Service Name: LogbackService] 1168774 --- [http-nio-8080-exec-4] c.l.l.HelloController : Hello from info log!
2022-09-01 15:26:20.497 ERROR [Service Name: LogbackService] 1168774 --- [http-nio-8080-exec-4] c.l.l.HelloController : Hello from error log!
2022-09-01 15:26:21.022  INFO [Service Name: LogbackService] 1168774 --- [http-nio-8080-exec-5] c.l.l.HelloController : Hello from info log!
2022-09-01 15:26:21.022 ERROR [Service Name: LogbackService] 1168774 --- [http-nio-8080-exec-5] c.l.l.HelloController : Hello from error log!
2022-09-01 15:26:21.268  INFO [Service Name: LogbackService] 1168774 --- [http-nio-8080-exec-6] c.l.l.HelloController : Hello from info log!
2022-09-01 15:26:21.268 ERROR [Service Name: LogbackService] 1168774 --- [http-nio-8080-exec-6] c.l.l.HelloController : Hello from error log!
2022-09-01 15:26:21.717  INFO [Service Name: LogbackService] 1168774 --- [http-nio-8080-exec-7] c.l.l.HelloController : Hello from info log!
2022-09-01 15:26:21.718 ERROR [Service Name: LogbackService] 1168774 --- [http-nio-8080-exec-7] c.l.l.HelloController : Hello from error log!
2022-09-01 15:26:21.987  INFO [Service Name: LogbackService] 1168774 --- [http-nio-8080-exec-8] c.l.l.HelloController : Hello from info log!
2022-09-01 15:26:21.987 ERROR [Service Name: LogbackService] 1168774 --- [http-nio-8080-exec-8] c.l.l.HelloController : Hello from error log!
2022-09-01 15:26:22.260  INFO [Service Name: LogbackService] 1168774 --- [http-nio-8080-exec-9] c.l.l.HelloController : Hello from info log!
2022-09-01 15:26:22.260 ERROR [Service Name: LogbackService] 1168774 --- [http-nio-8080-exec-9] c.l.l.HelloController : Hello from error log!
2022-09-01 15:26:22.488  INFO [Service Name: LogbackService] 1168774 --- [http-nio-8080-exec-10] c.l.l.HelloController : Hello from info log!
2022-09-01 15:26:22.488 ERROR [Service Name: LogbackService] 1168774 --- [http-nio-8080-exec-10] c.l.l.HelloController : Hello from error log!
2022-09-01 15:26:22.739  INFO [Service Name: LogbackService] 1168774 --- [http-nio-8080-exec-1] c.l.l.HelloController : Hello from info log!
2022-09-01 15:26:22.739 ERROR [Service Name: LogbackService] 1168774 --- [http-nio-8080-exec-1] c.l.l.HelloController : Hello from error log!
2022-09-01 15:26:23.140  INFO [Service Name: LogbackService] 1168774 --- [http-nio-8080-exec-2] c.l.l.HelloController : Hello from info log!
2022-09-01 15:26:23.141 ERROR [Service Name: LogbackService] 1168774 --- [http-nio-8080-exec-2] c.l.l.HelloController : Hello from error log!
2022-09-01 15:26:23.484  INFO [Service Name: LogbackService] 1168774 --- [http-nio-8080-exec-3] c.l.l.HelloController : Hello from info log!
2022-09-01 15:26:23.484 ERROR [Service Name: LogbackService] 1168774 --- [http-nio-8080-exec-3] c.l.l.HelloController : Hello from error log!
2022-09-01 15:26:23.828  INFO [Service Name: LogbackService] 1168774 --- [http-nio-8080-exec-4] c.l.l.HelloController : Hello from info log!
2022-09-01 15:26:23.829 ERROR [Service Name: LogbackService] 1168774 --- [http-nio-8080-exec-4] c.l.l.HelloController : Hello from error log!
2022-09-01 15:26:24.113  INFO [Service Name: LogbackService] 1168774 --- [http-nio-8080-exec-5] c.l.l.HelloController : Hello from info log!
